<?xml version="1.0" encoding="UTF-8"?>
<testsuite xmlns:xsi="http://www.w3.org/2001/XMLSchema-instance" xsi:noNamespaceSchemaLocation="https://maven.apache.org/surefire/maven-surefire-plugin/xsd/surefire-test-report-3.0.xsd" version="3.0" name="com.sbc.TestDocker01ApplicationTests" time="7.722" tests="1" errors="0" skipped="0" failures="0">
  <properties>
[...]
</properties>
  <testcase name="contextLoads" classname="com.sbc.TestDocker01ApplicationTests" time="2.351">
    <system-out><![CDATA[11:36:08.997 [main] INFO org.springframework.test.context.support.AnnotationConfigContextLoaderUtils -- Could not detect default configuration classes for test class [com.sbc.TestDocker01ApplicationTests]: TestDocker01ApplicationTests does not declare any static, non-private, non-final, nested classes annotated with @Configuration.
11:36:09.266 [main] INFO org.springframework.boot.test.context.SpringBootTestContextBootstrapper -- Found @SpringBootConfiguration com.sbc.TestDocker01Application for test class com.sbc.TestDocker01ApplicationTests
11:36:09.867 [main] INFO org.springframework.boot.devtools.restart.RestartApplicationListener -- Restart disabled due to context in which it is running

  .   ____          _            __ _ _
 /\\ / ___'_ __ _ _(_)_ __  __ _ \ \ \ \
( ( )\___ | '_ | '_| | '_ \/ _` | \ \ \ \
 \\/  ___)| |_)| | | | | || (_| |  ) ) ) )
  '  |____| .__|_| |_|_| |_\__, | / / / /
 =========|_|==============|___/=/_/_/_/

 :: Spring Boot ::                (v3.3.4)

2024-10-08T11:36:10.609+05:30  INFO 15228 --- [TestDocker01] [           main] com.sbc.TestDocker01ApplicationTests     : Starting TestDocker01ApplicationTests using Java 17 with PID 15228 (started by ADMIN in F:\TEST01\TestDocker01)
2024-10-08T11:36:10.613+05:30  INFO 15228 --- [TestDocker01] [           main] com.sbc.TestDocker01ApplicationTests     : No active profile set, falling back to 1 default profile: "default"
2024-10-08T11:36:13.830+05:30  INFO 15228 --- [TestDocker01] [           main] com.sbc.TestDocker01ApplicationTests     : Started TestDocker01ApplicationTests in 4.024 seconds (process running for 6.791)
]]></system-out>
  </testcase>
</testsuite>